<?xml version="1.0" encoding="UTF-8"?>
<!-- Generated by org.testng.reporters.JUnitXMLReporter -->
<testsuite ignored="3" hostname="LAPTOP-UU4U0ELH" failures="0" tests="1" name="Login Test" time="0.041" errors="0" timestamp="2022-05-04T21:32:26 IST">
  <testcase classname="Com.TesTNG.Testdata" name="fourthTest" time="0.007"/>
  <testcase classname="Com.TesTNG.Testdata" name="doLogin" time="0.0">
    <ignored/>
  </testcase> <!-- doLogin -->
  <testcase classname="Com.TesTNG.Testdata" name="thirdTest" time="0.0">
    <ignored/>
  </testcase> <!-- thirdTest -->
  <testcase classname="Com.TesTNG.Testdata" name="doUserReg" time="0.0">
    <ignored/>
  </testcase> <!-- doUserReg -->
</testsuite> <!-- Login Test -->
