<?xml version="1.0" encoding="UTF-8"?>
<!-- Generated by org.testng.reporters.JUnitXMLReporter -->
<testsuite ignored="0" hostname="LAPTOP-UU4U0ELH" failures="0" tests="3" name="test2" time="103.223" errors="0" timestamp="2022-05-04T17:28:47 IST">
  <testcase classname="Com.Vtiger.TestCases.Tc01_CreateOrg" name="createorg" time="52.324"/>
  <testcase classname="Com.Vtiger.TestCases.Tc03_CreateOrg_DD" name="createorg_dd" time="63.435"/>
  <testcase classname="Com.Vtiger.TestCases.Tc02_createContact_test" name="createcontact_org" time="75.388"/>
</testsuite> <!-- test2 -->
