<?xml version="1.0" encoding="UTF-8"?>
<!-- Generated by org.testng.reporters.JUnitXMLReporter -->
<testsuite ignored="0" hostname="LAPTOP-UU4U0ELH" failures="0" tests="4" name=" VerificationTest" time="0.073" errors="0" timestamp="2022-05-03T23:30:00 IST">
  <testcase classname="Com.TesTNG.Testdata" name="doUserReg" time="0.002"/>
  <testcase classname="Com.TesTNG.Testdata" name="doLogin" time="0.002"/>
  <testcase classname="Com.TesTNG.Testdata" name="thirdTest" time="0.006"/>
  <testcase classname="Com.TesTNG.Testdata" name="fourthTest" time="0.004"/>
</testsuite> <!--  VerificationTest -->
