<?xml version="1.0" encoding="UTF-8"?>
<testng-results ignored="0" total="1" passed="1" failed="0" skipped="0">
  <reporter-output>
  </reporter-output>
  <suite started-at="2022-05-10T23:33:52 IST" name="Default suite" finished-at="2022-05-10T23:33:52 IST" duration-ms="54">
    <groups>
    </groups>
    <test started-at="2022-05-10T23:33:52 IST" name="Default test" finished-at="2022-05-10T23:33:52 IST" duration-ms="54">
      <class name="DDTpackage.ReadingdatafromJSONTest">
        <test-method signature="ReadingdatafromJSONTest()[pri:0, instance:DDTpackage.ReadingdatafromJSONTest@4f2b503c]" started-at="2022-05-10T23:33:52 IST" name="ReadingdatafromJSONTest" finished-at="2022-05-10T23:33:52 IST" duration-ms="20" status="PASS">
          <reporter-output>
          </reporter-output>
        </test-method> <!-- ReadingdatafromJSONTest -->
      </class> <!-- DDTpackage.ReadingdatafromJSONTest -->
    </test> <!-- Default test -->
  </suite> <!-- Default suite -->
</testng-results>
