<?xml version="1.0" encoding="UTF-8"?>
<!-- Generated by org.testng.reporters.JUnitXMLReporter -->
<testsuite ignored="0" hostname="LAPTOP-UU4U0ELH" failures="0" tests="4" name="Test" time="0.06" errors="0" timestamp="2022-05-03T23:35:19 IST">
  <testcase classname="Regression.Testdata" name="doUserReg" time="0.003"/>
  <testcase classname="Regression.Testdata" name="doLogin" time="0.001"/>
  <testcase classname="Regression.Testdata" name="thirdTest" time="0.002"/>
  <testcase classname="Regression.Testdata" name="fourthTest" time="0.001"/>
</testsuite> <!-- Test -->
